<?xml version="1.0" encoding="UTF-8"?>
<!-- Generated by org.testng.reporters.JUnitReportReporter -->
<testsuite hostname="ADMIN" failures="0" tests="1" name="Tests_GET" time="11.491" errors="0" timestamp="2022-07-01T22:06:16 IST" skipped="0">
  <testcase classname="Tests_GET" name="Test_1" time="11.491"/>
  <system-out/>
</testsuite> <!-- Tests_GET -->
