<?xml version="1.0" encoding="UTF-8"?>
<!-- Generated by org.testng.reporters.JUnitReportReporter -->
<testsuite hostname="ADMIN" failures="0" tests="3" name="Test_POST" time="17.658" errors="0" timestamp="2022-07-02T11:45:17 IST" skipped="0">
  <testcase classname="Test_POST" name="Test_3_Patch" time="0.868"/>
  <system-out/>
  <testcase classname="Test_POST" name="Test_2_PUT" time="15.969"/>
  <system-out/>
  <testcase classname="Test_POST" name="Test_4_Delete" time="0.821"/>
  <system-out/>
</testsuite> <!-- Test_POST -->
