<?xml version="1.0" encoding="UTF-8"?>
<!-- Generated by org.testng.reporters.JUnitReportReporter -->
<testsuite hostname="ADMIN" failures="0" tests="2" name="Test_01GET" time="12.864" errors="0" timestamp="2022-07-01T21:19:32 IST" skipped="0">
  <testcase classname="Test_01GET" name="Test_02" time="3.789"/>
  <system-out/>
  <testcase classname="Test_01GET" name="Test_01" time="9.075"/>
  <system-out/>
</testsuite> <!-- Test_01GET -->
